

Microchip MPLAB XC8 Assembler V2.50 build 20240725155939 
                                                                                               Wed Dec 11 17:20:04 2024

Microchip MPLAB XC8 C Compiler v2.50 (Free license) build 20240725155939 Og1 
     1                           	processor	16F1827
     2                           	pagewidth 120
     3                           	opt	flic
     4                           	psect	cinit,global,class=CODE,space=0,merge=1,delta=2
     5                           	psect	cstackCOMMON,global,class=COMMON,space=1,delta=1,noexec
     6                           	psect	maintext,global,class=CODE,space=0,merge=1,split=1,delta=2
     7                           	psect	text1,local,class=CODE,space=0,merge=1,delta=2
     8                           	psect	text2,local,class=CODE,space=0,merge=1,delta=2
     9                           	psect	text3,local,class=CODE,space=0,merge=1,delta=2
    10                           	psect	text4,local,class=CODE,space=0,merge=1,delta=2
    11                           	psect	text5,local,class=CODE,space=0,merge=1,delta=2
    12                           	psect	text6,local,class=CODE,space=0,merge=1,delta=2
    13                           	psect	config,global,abs,ovrld,class=CONFIG,space=4,delta=2,noexec
    14                           	dabs	1,0x7E,2
    15     0000                     
    16                           ; Generated 07/09/2023 GMT
    17                           ; 
    18                           ; Copyright © 2023, Microchip Technology Inc. and its subsidiaries ("Microchip")
    19                           ; All rights reserved.
    20                           ; 
    21                           ; This software is developed by Microchip Technology Inc. and its subsidiaries ("Microch
      +                          ip").
    22                           ; 
    23                           ; Redistribution and use in source and binary forms, with or without modification, are
    24                           ; permitted provided that the following conditions are met:
    25                           ; 
    26                           ;     1. Redistributions of source code must retain the above copyright notice, this lis
      +                          t of
    27                           ;        conditions and the following disclaimer.
    28                           ; 
    29                           ;     2. Redistributions in binary form must reproduce the above copyright notice, this 
      +                          list
    30                           ;        of conditions and the following disclaimer in the documentation and/or other
    31                           ;        materials provided with the distribution. Publication is not required when
    32                           ;        this file is used in an embedded application.
    33                           ; 
    34                           ;     3. Microchip's name may not be used to endorse or promote products derived from th
      +                          is
    35                           ;        software without specific prior written permission.
    36                           ; 
    37                           ; THIS SOFTWARE IS PROVIDED BY MICROCHIP "AS IS" AND ANY EXPRESS OR IMPLIED WARRANTIES,
    38                           ; INCLUDING, BUT NOT LIMITED TO, THE IMPLIED WARRANTIES OF MERCHANTABILITY AND FITNESS F
      +                          OR
    39                           ; PURPOSE ARE DISCLAIMED.  IN NO EVENT SHALL MICROCHIP BE LIABLE FOR ANY DIRECT, INDIREC
      +                          T,
    40                           ; INCIDENTAL, SPECIAL, EXEMPLARY, OR CONSEQUENTIAL DAMAGES (INCLUDING BUT NOT LIMITED TO
    41                           ; PROCUREMENT OF SUBSTITUTE GOODS OR SERVICES; LOSS OF USE, DATA OR PROFITS; OR BUSINESS
    42                           ; INTERRUPTION) HOWSOEVER CAUSED AND ON ANY THEORY OF LIABILITY, WHETHER IN CONTRACT, ST
      +                          RICT
    43                           ; LIABILITY, OR TORT (INCLUDING NEGLIGENCE OR OTHERWISE) ARISING IN ANY WAY OUT OF THE U
      +                          SE OF
    44                           ; THIS SOFTWARE, EVEN IF ADVISED OF THE POSSIBILITY OF SUCH DAMAGE.
    45                           ; 
    46                           ; 
    47                           ; Code-generator required, PIC16F1827 Definitions
    48                           ; 
    49                           ; SFR Addresses
    50     0008                     bsr             equ	8
    51     0005                     fsr0h           equ	5
    52     0004                     fsr0l           equ	4
    53     0007                     fsr1h           equ	7
    54     0006                     fsr1l           equ	6
    55     0000                     indf            equ	0
    56     0000                     indf0           equ	0
    57     0001                     indf1           equ	1
    58     000B                     intcon          equ	11
    59     0002                     pc              equ	2
    60     0002                     pcl             equ	2
    61     000A                     pclath          equ	10
    62     0003                     status          equ	3
    63     0009                     wreg            equ	9
    64     0000                     INDF0           equ	0	;# 
    65     0001                     INDF1           equ	1	;# 
    66     0002                     PCL             equ	2	;# 
    67     0003                     STATUS          equ	3	;# 
    68     0004                     FSR0L           equ	4	;# 
    69     0005                     FSR0H           equ	5	;# 
    70     0006                     FSR1L           equ	6	;# 
    71     0007                     FSR1H           equ	7	;# 
    72     0008                     BSR             equ	8	;# 
    73     0009                     WREG            equ	9	;# 
    74     000A                     PCLATH          equ	10	;# 
    75     000B                     INTCON          equ	11	;# 
    76     000C                     PORTA           equ	12	;# 
    77     000D                     PORTB           equ	13	;# 
    78     0011                     PIR1            equ	17	;# 
    79     0012                     PIR2            equ	18	;# 
    80     0013                     PIR3            equ	19	;# 
    81     0014                     PIR4            equ	20	;# 
    82     0015                     TMR0            equ	21	;# 
    83     0016                     TMR1            equ	22	;# 
    84     0016                     TMR1L           equ	22	;# 
    85     0017                     TMR1H           equ	23	;# 
    86     0018                     T1CON           equ	24	;# 
    87     0019                     T1GCON          equ	25	;# 
    88     001A                     TMR2            equ	26	;# 
    89     001B                     PR2             equ	27	;# 
    90     001C                     T2CON           equ	28	;# 
    91     001E                     CPSCON0         equ	30	;# 
    92     001F                     CPSCON1         equ	31	;# 
    93     008C                     TRISA           equ	140	;# 
    94     008D                     TRISB           equ	141	;# 
    95     0091                     PIE1            equ	145	;# 
    96     0092                     PIE2            equ	146	;# 
    97     0093                     PIE3            equ	147	;# 
    98     0094                     PIE4            equ	148	;# 
    99     0095                     OPTION_REG      equ	149	;# 
   100     0096                     PCON            equ	150	;# 
   101     0097                     WDTCON          equ	151	;# 
   102     0098                     OSCTUNE         equ	152	;# 
   103     0099                     OSCCON          equ	153	;# 
   104     009A                     OSCSTAT         equ	154	;# 
   105     009B                     ADRES           equ	155	;# 
   106     009B                     ADRESL          equ	155	;# 
   107     009C                     ADRESH          equ	156	;# 
   108     009D                     ADCON0          equ	157	;# 
   109     009E                     ADCON1          equ	158	;# 
   110     010C                     LATA            equ	268	;# 
   111     010D                     LATB            equ	269	;# 
   112     0111                     CM1CON0         equ	273	;# 
   113     0112                     CM1CON1         equ	274	;# 
   114     0113                     CM2CON0         equ	275	;# 
   115     0114                     CM2CON1         equ	276	;# 
   116     0115                     CMOUT           equ	277	;# 
   117     0116                     BORCON          equ	278	;# 
   118     0117                     FVRCON          equ	279	;# 
   119     0118                     DACCON0         equ	280	;# 
   120     0119                     DACCON1         equ	281	;# 
   121     011A                     SRCON0          equ	282	;# 
   122     011B                     SRCON1          equ	283	;# 
   123     011D                     APFCON0         equ	285	;# 
   124     011E                     APFCON1         equ	286	;# 
   125     018C                     ANSELA          equ	396	;# 
   126     018D                     ANSELB          equ	397	;# 
   127     0191                     EEADR           equ	401	;# 
   128     0191                     EEADRL          equ	401	;# 
   129     0192                     EEADRH          equ	402	;# 
   130     0193                     EEDAT           equ	403	;# 
   131     0193                     EEDATL          equ	403	;# 
   132     0193                     EEDATA          equ	403	;# 
   133     0194                     EEDATH          equ	404	;# 
   134     0195                     EECON1          equ	405	;# 
   135     0196                     EECON2          equ	406	;# 
   136     0199                     RCREG           equ	409	;# 
   137     019A                     TXREG           equ	410	;# 
   138     019B                     SP1BRG          equ	411	;# 
   139     019B                     SP1BRGL         equ	411	;# 
   140     019B                     SPBRG           equ	411	;# 
   141     019B                     SPBRGL          equ	411	;# 
   142     019C                     SP1BRGH         equ	412	;# 
   143     019C                     SPBRGH          equ	412	;# 
   144     019D                     RCSTA           equ	413	;# 
   145     019E                     TXSTA           equ	414	;# 
   146     019F                     BAUDCON         equ	415	;# 
   147     020C                     WPUA            equ	524	;# 
   148     020D                     WPUB            equ	525	;# 
   149     0211                     SSP1BUF         equ	529	;# 
   150     0211                     SSPBUF          equ	529	;# 
   151     0212                     SSP1ADD         equ	530	;# 
   152     0212                     SSPADD          equ	530	;# 
   153     0213                     SSP1MSK         equ	531	;# 
   154     0213                     SSPMSK          equ	531	;# 
   155     0214                     SSP1STAT        equ	532	;# 
   156     0214                     SSPSTAT         equ	532	;# 
   157     0215                     SSP1CON1        equ	533	;# 
   158     0215                     SSPCON1         equ	533	;# 
   159     0215                     SSPCON          equ	533	;# 
   160     0216                     SSP1CON2        equ	534	;# 
   161     0216                     SSPCON2         equ	534	;# 
   162     0217                     SSP1CON3        equ	535	;# 
   163     0217                     SSPCON3         equ	535	;# 
   164     0219                     SSP2BUF         equ	537	;# 
   165     021A                     SSP2ADD         equ	538	;# 
   166     021B                     SSP2MSK         equ	539	;# 
   167     021C                     SSP2STAT        equ	540	;# 
   168     021D                     SSP2CON1        equ	541	;# 
   169     021E                     SSP2CON2        equ	542	;# 
   170     021F                     SSP2CON3        equ	543	;# 
   171     0291                     CCPR1           equ	657	;# 
   172     0291                     CCPR1L          equ	657	;# 
   173     0292                     CCPR1H          equ	658	;# 
   174     0293                     CCP1CON         equ	659	;# 
   175     0294                     PWM1CON         equ	660	;# 
   176     0295                     CCP1AS          equ	661	;# 
   177     0295                     ECCP1AS         equ	661	;# 
   178     0296                     PSTR1CON        equ	662	;# 
   179     0298                     CCPR2           equ	664	;# 
   180     0298                     CCPR2L          equ	664	;# 
   181     0299                     CCPR2H          equ	665	;# 
   182     029A                     CCP2CON         equ	666	;# 
   183     029B                     PWM2CON         equ	667	;# 
   184     029C                     CCP2AS          equ	668	;# 
   185     029C                     ECCP2AS         equ	668	;# 
   186     029D                     PSTR2CON        equ	669	;# 
   187     029E                     CCPTMRS         equ	670	;# 
   188     029E                     CCPTMRS0        equ	670	;# 
   189     0311                     CCPR3           equ	785	;# 
   190     0311                     CCPR3L          equ	785	;# 
   191     0312                     CCPR3H          equ	786	;# 
   192     0313                     CCP3CON         equ	787	;# 
   193     0318                     CCPR4           equ	792	;# 
   194     0318                     CCPR4L          equ	792	;# 
   195     0319                     CCPR4H          equ	793	;# 
   196     031A                     CCP4CON         equ	794	;# 
   197     0394                     IOCBP           equ	916	;# 
   198     0395                     IOCBN           equ	917	;# 
   199     0396                     IOCBF           equ	918	;# 
   200     039A                     CLKRCON         equ	922	;# 
   201     039C                     MDCON           equ	924	;# 
   202     039D                     MDSRC           equ	925	;# 
   203     039E                     MDCARL          equ	926	;# 
   204     039F                     MDCARH          equ	927	;# 
   205     0415                     TMR4            equ	1045	;# 
   206     0416                     PR4             equ	1046	;# 
   207     0417                     T4CON           equ	1047	;# 
   208     041C                     TMR6            equ	1052	;# 
   209     041D                     PR6             equ	1053	;# 
   210     041E                     T6CON           equ	1054	;# 
   211     0FE4                     STATUS_SHAD     equ	4068	;# 
   212     0FE5                     WREG_SHAD       equ	4069	;# 
   213     0FE6                     BSR_SHAD        equ	4070	;# 
   214     0FE7                     PCLATH_SHAD     equ	4071	;# 
   215     0FE8                     FSR0L_SHAD      equ	4072	;# 
   216     0FE9                     FSR0H_SHAD      equ	4073	;# 
   217     0FEA                     FSR1L_SHAD      equ	4074	;# 
   218     0FEB                     FSR1H_SHAD      equ	4075	;# 
   219     0FED                     STKPTR          equ	4077	;# 
   220     0FEE                     TOSL            equ	4078	;# 
   221     0FEF                     TOSH            equ	4079	;# 
   222     0000                     INDF0           equ	0	;# 
   223     0001                     INDF1           equ	1	;# 
   224     0002                     PCL             equ	2	;# 
   225     0003                     STATUS          equ	3	;# 
   226     0004                     FSR0L           equ	4	;# 
   227     0005                     FSR0H           equ	5	;# 
   228     0006                     FSR1L           equ	6	;# 
   229     0007                     FSR1H           equ	7	;# 
   230     0008                     BSR             equ	8	;# 
   231     0009                     WREG            equ	9	;# 
   232     000A                     PCLATH          equ	10	;# 
   233     000B                     INTCON          equ	11	;# 
   234     000C                     PORTA           equ	12	;# 
   235     000D                     PORTB           equ	13	;# 
   236     0011                     PIR1            equ	17	;# 
   237     0012                     PIR2            equ	18	;# 
   238     0013                     PIR3            equ	19	;# 
   239     0014                     PIR4            equ	20	;# 
   240     0015                     TMR0            equ	21	;# 
   241     0016                     TMR1            equ	22	;# 
   242     0016                     TMR1L           equ	22	;# 
   243     0017                     TMR1H           equ	23	;# 
   244     0018                     T1CON           equ	24	;# 
   245     0019                     T1GCON          equ	25	;# 
   246     001A                     TMR2            equ	26	;# 
   247     001B                     PR2             equ	27	;# 
   248     001C                     T2CON           equ	28	;# 
   249     001E                     CPSCON0         equ	30	;# 
   250     001F                     CPSCON1         equ	31	;# 
   251     008C                     TRISA           equ	140	;# 
   252     008D                     TRISB           equ	141	;# 
   253     0091                     PIE1            equ	145	;# 
   254     0092                     PIE2            equ	146	;# 
   255     0093                     PIE3            equ	147	;# 
   256     0094                     PIE4            equ	148	;# 
   257     0095                     OPTION_REG      equ	149	;# 
   258     0096                     PCON            equ	150	;# 
   259     0097                     WDTCON          equ	151	;# 
   260     0098                     OSCTUNE         equ	152	;# 
   261     0099                     OSCCON          equ	153	;# 
   262     009A                     OSCSTAT         equ	154	;# 
   263     009B                     ADRES           equ	155	;# 
   264     009B                     ADRESL          equ	155	;# 
   265     009C                     ADRESH          equ	156	;# 
   266     009D                     ADCON0          equ	157	;# 
   267     009E                     ADCON1          equ	158	;# 
   268     010C                     LATA            equ	268	;# 
   269     010D                     LATB            equ	269	;# 
   270     0111                     CM1CON0         equ	273	;# 
   271     0112                     CM1CON1         equ	274	;# 
   272     0113                     CM2CON0         equ	275	;# 
   273     0114                     CM2CON1         equ	276	;# 
   274     0115                     CMOUT           equ	277	;# 
   275     0116                     BORCON          equ	278	;# 
   276     0117                     FVRCON          equ	279	;# 
   277     0118                     DACCON0         equ	280	;# 
   278     0119                     DACCON1         equ	281	;# 
   279     011A                     SRCON0          equ	282	;# 
   280     011B                     SRCON1          equ	283	;# 
   281     011D                     APFCON0         equ	285	;# 
   282     011E                     APFCON1         equ	286	;# 
   283     018C                     ANSELA          equ	396	;# 
   284     018D                     ANSELB          equ	397	;# 
   285     0191                     EEADR           equ	401	;# 
   286     0191                     EEADRL          equ	401	;# 
   287     0192                     EEADRH          equ	402	;# 
   288     0193                     EEDAT           equ	403	;# 
   289     0193                     EEDATL          equ	403	;# 
   290     0193                     EEDATA          equ	403	;# 
   291     0194                     EEDATH          equ	404	;# 
   292     0195                     EECON1          equ	405	;# 
   293     0196                     EECON2          equ	406	;# 
   294     0199                     RCREG           equ	409	;# 
   295     019A                     TXREG           equ	410	;# 
   296     019B                     SP1BRG          equ	411	;# 
   297     019B                     SP1BRGL         equ	411	;# 
   298     019B                     SPBRG           equ	411	;# 
   299     019B                     SPBRGL          equ	411	;# 
   300     019C                     SP1BRGH         equ	412	;# 
   301     019C                     SPBRGH          equ	412	;# 
   302     019D                     RCSTA           equ	413	;# 
   303     019E                     TXSTA           equ	414	;# 
   304     019F                     BAUDCON         equ	415	;# 
   305     020C                     WPUA            equ	524	;# 
   306     020D                     WPUB            equ	525	;# 
   307     0211                     SSP1BUF         equ	529	;# 
   308     0211                     SSPBUF          equ	529	;# 
   309     0212                     SSP1ADD         equ	530	;# 
   310     0212                     SSPADD          equ	530	;# 
   311     0213                     SSP1MSK         equ	531	;# 
   312     0213                     SSPMSK          equ	531	;# 
   313     0214                     SSP1STAT        equ	532	;# 
   314     0214                     SSPSTAT         equ	532	;# 
   315     0215                     SSP1CON1        equ	533	;# 
   316     0215                     SSPCON1         equ	533	;# 
   317     0215                     SSPCON          equ	533	;# 
   318     0216                     SSP1CON2        equ	534	;# 
   319     0216                     SSPCON2         equ	534	;# 
   320     0217                     SSP1CON3        equ	535	;# 
   321     0217                     SSPCON3         equ	535	;# 
   322     0219                     SSP2BUF         equ	537	;# 
   323     021A                     SSP2ADD         equ	538	;# 
   324     021B                     SSP2MSK         equ	539	;# 
   325     021C                     SSP2STAT        equ	540	;# 
   326     021D                     SSP2CON1        equ	541	;# 
   327     021E                     SSP2CON2        equ	542	;# 
   328     021F                     SSP2CON3        equ	543	;# 
   329     0291                     CCPR1           equ	657	;# 
   330     0291                     CCPR1L          equ	657	;# 
   331     0292                     CCPR1H          equ	658	;# 
   332     0293                     CCP1CON         equ	659	;# 
   333     0294                     PWM1CON         equ	660	;# 
   334     0295                     CCP1AS          equ	661	;# 
   335     0295                     ECCP1AS         equ	661	;# 
   336     0296                     PSTR1CON        equ	662	;# 
   337     0298                     CCPR2           equ	664	;# 
   338     0298                     CCPR2L          equ	664	;# 
   339     0299                     CCPR2H          equ	665	;# 
   340     029A                     CCP2CON         equ	666	;# 
   341     029B                     PWM2CON         equ	667	;# 
   342     029C                     CCP2AS          equ	668	;# 
   343     029C                     ECCP2AS         equ	668	;# 
   344     029D                     PSTR2CON        equ	669	;# 
   345     029E                     CCPTMRS         equ	670	;# 
   346     029E                     CCPTMRS0        equ	670	;# 
   347     0311                     CCPR3           equ	785	;# 
   348     0311                     CCPR3L          equ	785	;# 
   349     0312                     CCPR3H          equ	786	;# 
   350     0313                     CCP3CON         equ	787	;# 
   351     0318                     CCPR4           equ	792	;# 
   352     0318                     CCPR4L          equ	792	;# 
   353     0319                     CCPR4H          equ	793	;# 
   354     031A                     CCP4CON         equ	794	;# 
   355     0394                     IOCBP           equ	916	;# 
   356     0395                     IOCBN           equ	917	;# 
   357     0396                     IOCBF           equ	918	;# 
   358     039A                     CLKRCON         equ	922	;# 
   359     039C                     MDCON           equ	924	;# 
   360     039D                     MDSRC           equ	925	;# 
   361     039E                     MDCARL          equ	926	;# 
   362     039F                     MDCARH          equ	927	;# 
   363     0415                     TMR4            equ	1045	;# 
   364     0416                     PR4             equ	1046	;# 
   365     0417                     T4CON           equ	1047	;# 
   366     041C                     TMR6            equ	1052	;# 
   367     041D                     PR6             equ	1053	;# 
   368     041E                     T6CON           equ	1054	;# 
   369     0FE4                     STATUS_SHAD     equ	4068	;# 
   370     0FE5                     WREG_SHAD       equ	4069	;# 
   371     0FE6                     BSR_SHAD        equ	4070	;# 
   372     0FE7                     PCLATH_SHAD     equ	4071	;# 
   373     0FE8                     FSR0L_SHAD      equ	4072	;# 
   374     0FE9                     FSR0H_SHAD      equ	4073	;# 
   375     0FEA                     FSR1L_SHAD      equ	4074	;# 
   376     0FEB                     FSR1H_SHAD      equ	4075	;# 
   377     0FED                     STKPTR          equ	4077	;# 
   378     0FEE                     TOSL            equ	4078	;# 
   379     0FEF                     TOSH            equ	4079	;# 
   380     0000                     INDF0           equ	0	;# 
   381     0001                     INDF1           equ	1	;# 
   382     0002                     PCL             equ	2	;# 
   383     0003                     STATUS          equ	3	;# 
   384     0004                     FSR0L           equ	4	;# 
   385     0005                     FSR0H           equ	5	;# 
   386     0006                     FSR1L           equ	6	;# 
   387     0007                     FSR1H           equ	7	;# 
   388     0008                     BSR             equ	8	;# 
   389     0009                     WREG            equ	9	;# 
   390     000A                     PCLATH          equ	10	;# 
   391     000B                     INTCON          equ	11	;# 
   392     000C                     PORTA           equ	12	;# 
   393     000D                     PORTB           equ	13	;# 
   394     0011                     PIR1            equ	17	;# 
   395     0012                     PIR2            equ	18	;# 
   396     0013                     PIR3            equ	19	;# 
   397     0014                     PIR4            equ	20	;# 
   398     0015                     TMR0            equ	21	;# 
   399     0016                     TMR1            equ	22	;# 
   400     0016                     TMR1L           equ	22	;# 
   401     0017                     TMR1H           equ	23	;# 
   402     0018                     T1CON           equ	24	;# 
   403     0019                     T1GCON          equ	25	;# 
   404     001A                     TMR2            equ	26	;# 
   405     001B                     PR2             equ	27	;# 
   406     001C                     T2CON           equ	28	;# 
   407     001E                     CPSCON0         equ	30	;# 
   408     001F                     CPSCON1         equ	31	;# 
   409     008C                     TRISA           equ	140	;# 
   410     008D                     TRISB           equ	141	;# 
   411     0091                     PIE1            equ	145	;# 
   412     0092                     PIE2            equ	146	;# 
   413     0093                     PIE3            equ	147	;# 
   414     0094                     PIE4            equ	148	;# 
   415     0095                     OPTION_REG      equ	149	;# 
   416     0096                     PCON            equ	150	;# 
   417     0097                     WDTCON          equ	151	;# 
   418     0098                     OSCTUNE         equ	152	;# 
   419     0099                     OSCCON          equ	153	;# 
   420     009A                     OSCSTAT         equ	154	;# 
   421     009B                     ADRES           equ	155	;# 
   422     009B                     ADRESL          equ	155	;# 
   423     009C                     ADRESH          equ	156	;# 
   424     009D                     ADCON0          equ	157	;# 
   425     009E                     ADCON1          equ	158	;# 
   426     010C                     LATA            equ	268	;# 
   427     010D                     LATB            equ	269	;# 
   428     0111                     CM1CON0         equ	273	;# 
   429     0112                     CM1CON1         equ	274	;# 
   430     0113                     CM2CON0         equ	275	;# 
   431     0114                     CM2CON1         equ	276	;# 
   432     0115                     CMOUT           equ	277	;# 
   433     0116                     BORCON          equ	278	;# 
   434     0117                     FVRCON          equ	279	;# 
   435     0118                     DACCON0         equ	280	;# 
   436     0119                     DACCON1         equ	281	;# 
   437     011A                     SRCON0          equ	282	;# 
   438     011B                     SRCON1          equ	283	;# 
   439     011D                     APFCON0         equ	285	;# 
   440     011E                     APFCON1         equ	286	;# 
   441     018C                     ANSELA          equ	396	;# 
   442     018D                     ANSELB          equ	397	;# 
   443     0191                     EEADR           equ	401	;# 
   444     0191                     EEADRL          equ	401	;# 
   445     0192                     EEADRH          equ	402	;# 
   446     0193                     EEDAT           equ	403	;# 
   447     0193                     EEDATL          equ	403	;# 
   448     0193                     EEDATA          equ	403	;# 
   449     0194                     EEDATH          equ	404	;# 
   450     0195                     EECON1          equ	405	;# 
   451     0196                     EECON2          equ	406	;# 
   452     0199                     RCREG           equ	409	;# 
   453     019A                     TXREG           equ	410	;# 
   454     019B                     SP1BRG          equ	411	;# 
   455     019B                     SP1BRGL         equ	411	;# 
   456     019B                     SPBRG           equ	411	;# 
   457     019B                     SPBRGL          equ	411	;# 
   458     019C                     SP1BRGH         equ	412	;# 
   459     019C                     SPBRGH          equ	412	;# 
   460     019D                     RCSTA           equ	413	;# 
   461     019E                     TXSTA           equ	414	;# 
   462     019F                     BAUDCON         equ	415	;# 
   463     020C                     WPUA            equ	524	;# 
   464     020D                     WPUB            equ	525	;# 
   465     0211                     SSP1BUF         equ	529	;# 
   466     0211                     SSPBUF          equ	529	;# 
   467     0212                     SSP1ADD         equ	530	;# 
   468     0212                     SSPADD          equ	530	;# 
   469     0213                     SSP1MSK         equ	531	;# 
   470     0213                     SSPMSK          equ	531	;# 
   471     0214                     SSP1STAT        equ	532	;# 
   472     0214                     SSPSTAT         equ	532	;# 
   473     0215                     SSP1CON1        equ	533	;# 
   474     0215                     SSPCON1         equ	533	;# 
   475     0215                     SSPCON          equ	533	;# 
   476     0216                     SSP1CON2        equ	534	;# 
   477     0216                     SSPCON2         equ	534	;# 
   478     0217                     SSP1CON3        equ	535	;# 
   479     0217                     SSPCON3         equ	535	;# 
   480     0219                     SSP2BUF         equ	537	;# 
   481     021A                     SSP2ADD         equ	538	;# 
   482     021B                     SSP2MSK         equ	539	;# 
   483     021C                     SSP2STAT        equ	540	;# 
   484     021D                     SSP2CON1        equ	541	;# 
   485     021E                     SSP2CON2        equ	542	;# 
   486     021F                     SSP2CON3        equ	543	;# 
   487     0291                     CCPR1           equ	657	;# 
   488     0291                     CCPR1L          equ	657	;# 
   489     0292                     CCPR1H          equ	658	;# 
   490     0293                     CCP1CON         equ	659	;# 
   491     0294                     PWM1CON         equ	660	;# 
   492     0295                     CCP1AS          equ	661	;# 
   493     0295                     ECCP1AS         equ	661	;# 
   494     0296                     PSTR1CON        equ	662	;# 
   495     0298                     CCPR2           equ	664	;# 
   496     0298                     CCPR2L          equ	664	;# 
   497     0299                     CCPR2H          equ	665	;# 
   498     029A                     CCP2CON         equ	666	;# 
   499     029B                     PWM2CON         equ	667	;# 
   500     029C                     CCP2AS          equ	668	;# 
   501     029C                     ECCP2AS         equ	668	;# 
   502     029D                     PSTR2CON        equ	669	;# 
   503     029E                     CCPTMRS         equ	670	;# 
   504     029E                     CCPTMRS0        equ	670	;# 
   505     0311                     CCPR3           equ	785	;# 
   506     0311                     CCPR3L          equ	785	;# 
   507     0312                     CCPR3H          equ	786	;# 
   508     0313                     CCP3CON         equ	787	;# 
   509     0318                     CCPR4           equ	792	;# 
   510     0318                     CCPR4L          equ	792	;# 
   511     0319                     CCPR4H          equ	793	;# 
   512     031A                     CCP4CON         equ	794	;# 
   513     0394                     IOCBP           equ	916	;# 
   514     0395                     IOCBN           equ	917	;# 
   515     0396                     IOCBF           equ	918	;# 
   516     039A                     CLKRCON         equ	922	;# 
   517     039C                     MDCON           equ	924	;# 
   518     039D                     MDSRC           equ	925	;# 
   519     039E                     MDCARL          equ	926	;# 
   520     039F                     MDCARH          equ	927	;# 
   521     0415                     TMR4            equ	1045	;# 
   522     0416                     PR4             equ	1046	;# 
   523     0417                     T4CON           equ	1047	;# 
   524     041C                     TMR6            equ	1052	;# 
   525     041D                     PR6             equ	1053	;# 
   526     041E                     T6CON           equ	1054	;# 
   527     0FE4                     STATUS_SHAD     equ	4068	;# 
   528     0FE5                     WREG_SHAD       equ	4069	;# 
   529     0FE6                     BSR_SHAD        equ	4070	;# 
   530     0FE7                     PCLATH_SHAD     equ	4071	;# 
   531     0FE8                     FSR0L_SHAD      equ	4072	;# 
   532     0FE9                     FSR0H_SHAD      equ	4073	;# 
   533     0FEA                     FSR1L_SHAD      equ	4074	;# 
   534     0FEB                     FSR1H_SHAD      equ	4075	;# 
   535     0FED                     STKPTR          equ	4077	;# 
   536     0FEE                     TOSL            equ	4078	;# 
   537     0FEF                     TOSH            equ	4079	;# 
   538     0000                     INDF0           equ	0	;# 
   539     0001                     INDF1           equ	1	;# 
   540     0002                     PCL             equ	2	;# 
   541     0003                     STATUS          equ	3	;# 
   542     0004                     FSR0L           equ	4	;# 
   543     0005                     FSR0H           equ	5	;# 
   544     0006                     FSR1L           equ	6	;# 
   545     0007                     FSR1H           equ	7	;# 
   546     0008                     BSR             equ	8	;# 
   547     0009                     WREG            equ	9	;# 
   548     000A                     PCLATH          equ	10	;# 
   549     000B                     INTCON          equ	11	;# 
   550     000C                     PORTA           equ	12	;# 
   551     000D                     PORTB           equ	13	;# 
   552     0011                     PIR1            equ	17	;# 
   553     0012                     PIR2            equ	18	;# 
   554     0013                     PIR3            equ	19	;# 
   555     0014                     PIR4            equ	20	;# 
   556     0015                     TMR0            equ	21	;# 
   557     0016                     TMR1            equ	22	;# 
   558     0016                     TMR1L           equ	22	;# 
   559     0017                     TMR1H           equ	23	;# 
   560     0018                     T1CON           equ	24	;# 
   561     0019                     T1GCON          equ	25	;# 
   562     001A                     TMR2            equ	26	;# 
   563     001B                     PR2             equ	27	;# 
   564     001C                     T2CON           equ	28	;# 
   565     001E                     CPSCON0         equ	30	;# 
   566     001F                     CPSCON1         equ	31	;# 
   567     008C                     TRISA           equ	140	;# 
   568     008D                     TRISB           equ	141	;# 
   569     0091                     PIE1            equ	145	;# 
   570     0092                     PIE2            equ	146	;# 
   571     0093                     PIE3            equ	147	;# 
   572     0094                     PIE4            equ	148	;# 
   573     0095                     OPTION_REG      equ	149	;# 
   574     0096                     PCON            equ	150	;# 
   575     0097                     WDTCON          equ	151	;# 
   576     0098                     OSCTUNE         equ	152	;# 
   577     0099                     OSCCON          equ	153	;# 
   578     009A                     OSCSTAT         equ	154	;# 
   579     009B                     ADRES           equ	155	;# 
   580     009B                     ADRESL          equ	155	;# 
   581     009C                     ADRESH          equ	156	;# 
   582     009D                     ADCON0          equ	157	;# 
   583     009E                     ADCON1          equ	158	;# 
   584     010C                     LATA            equ	268	;# 
   585     010D                     LATB            equ	269	;# 
   586     0111                     CM1CON0         equ	273	;# 
   587     0112                     CM1CON1         equ	274	;# 
   588     0113                     CM2CON0         equ	275	;# 
   589     0114                     CM2CON1         equ	276	;# 
   590     0115                     CMOUT           equ	277	;# 
   591     0116                     BORCON          equ	278	;# 
   592     0117                     FVRCON          equ	279	;# 
   593     0118                     DACCON0         equ	280	;# 
   594     0119                     DACCON1         equ	281	;# 
   595     011A                     SRCON0          equ	282	;# 
   596     011B                     SRCON1          equ	283	;# 
   597     011D                     APFCON0         equ	285	;# 
   598     011E                     APFCON1         equ	286	;# 
   599     018C                     ANSELA          equ	396	;# 
   600     018D                     ANSELB          equ	397	;# 
   601     0191                     EEADR           equ	401	;# 
   602     0191                     EEADRL          equ	401	;# 
   603     0192                     EEADRH          equ	402	;# 
   604     0193                     EEDAT           equ	403	;# 
   605     0193                     EEDATL          equ	403	;# 
   606     0193                     EEDATA          equ	403	;# 
   607     0194                     EEDATH          equ	404	;# 
   608     0195                     EECON1          equ	405	;# 
   609     0196                     EECON2          equ	406	;# 
   610     0199                     RCREG           equ	409	;# 
   611     019A                     TXREG           equ	410	;# 
   612     019B                     SP1BRG          equ	411	;# 
   613     019B                     SP1BRGL         equ	411	;# 
   614     019B                     SPBRG           equ	411	;# 
   615     019B                     SPBRGL          equ	411	;# 
   616     019C                     SP1BRGH         equ	412	;# 
   617     019C                     SPBRGH          equ	412	;# 
   618     019D                     RCSTA           equ	413	;# 
   619     019E                     TXSTA           equ	414	;# 
   620     019F                     BAUDCON         equ	415	;# 
   621     020C                     WPUA            equ	524	;# 
   622     020D                     WPUB            equ	525	;# 
   623     0211                     SSP1BUF         equ	529	;# 
   624     0211                     SSPBUF          equ	529	;# 
   625     0212                     SSP1ADD         equ	530	;# 
   626     0212                     SSPADD          equ	530	;# 
   627     0213                     SSP1MSK         equ	531	;# 
   628     0213                     SSPMSK          equ	531	;# 
   629     0214                     SSP1STAT        equ	532	;# 
   630     0214                     SSPSTAT         equ	532	;# 
   631     0215                     SSP1CON1        equ	533	;# 
   632     0215                     SSPCON1         equ	533	;# 
   633     0215                     SSPCON          equ	533	;# 
   634     0216                     SSP1CON2        equ	534	;# 
   635     0216                     SSPCON2         equ	534	;# 
   636     0217                     SSP1CON3        equ	535	;# 
   637     0217                     SSPCON3         equ	535	;# 
   638     0219                     SSP2BUF         equ	537	;# 
   639     021A                     SSP2ADD         equ	538	;# 
   640     021B                     SSP2MSK         equ	539	;# 
   641     021C                     SSP2STAT        equ	540	;# 
   642     021D                     SSP2CON1        equ	541	;# 
   643     021E                     SSP2CON2        equ	542	;# 
   644     021F                     SSP2CON3        equ	543	;# 
   645     0291                     CCPR1           equ	657	;# 
   646     0291                     CCPR1L          equ	657	;# 
   647     0292                     CCPR1H          equ	658	;# 
   648     0293                     CCP1CON         equ	659	;# 
   649     0294                     PWM1CON         equ	660	;# 
   650     0295                     CCP1AS          equ	661	;# 
   651     0295                     ECCP1AS         equ	661	;# 
   652     0296                     PSTR1CON        equ	662	;# 
   653     0298                     CCPR2           equ	664	;# 
   654     0298                     CCPR2L          equ	664	;# 
   655     0299                     CCPR2H          equ	665	;# 
   656     029A                     CCP2CON         equ	666	;# 
   657     029B                     PWM2CON         equ	667	;# 
   658     029C                     CCP2AS          equ	668	;# 
   659     029C                     ECCP2AS         equ	668	;# 
   660     029D                     PSTR2CON        equ	669	;# 
   661     029E                     CCPTMRS         equ	670	;# 
   662     029E                     CCPTMRS0        equ	670	;# 
   663     0311                     CCPR3           equ	785	;# 
   664     0311                     CCPR3L          equ	785	;# 
   665     0312                     CCPR3H          equ	786	;# 
   666     0313                     CCP3CON         equ	787	;# 
   667     0318                     CCPR4           equ	792	;# 
   668     0318                     CCPR4L          equ	792	;# 
   669     0319                     CCPR4H          equ	793	;# 
   670     031A                     CCP4CON         equ	794	;# 
   671     0394                     IOCBP           equ	916	;# 
   672     0395                     IOCBN           equ	917	;# 
   673     0396                     IOCBF           equ	918	;# 
   674     039A                     CLKRCON         equ	922	;# 
   675     039C                     MDCON           equ	924	;# 
   676     039D                     MDSRC           equ	925	;# 
   677     039E                     MDCARL          equ	926	;# 
   678     039F                     MDCARH          equ	927	;# 
   679     0415                     TMR4            equ	1045	;# 
   680     0416                     PR4             equ	1046	;# 
   681     0417                     T4CON           equ	1047	;# 
   682     041C                     TMR6            equ	1052	;# 
   683     041D                     PR6             equ	1053	;# 
   684     041E                     T6CON           equ	1054	;# 
   685     0FE4                     STATUS_SHAD     equ	4068	;# 
   686     0FE5                     WREG_SHAD       equ	4069	;# 
   687     0FE6                     BSR_SHAD        equ	4070	;# 
   688     0FE7                     PCLATH_SHAD     equ	4071	;# 
   689     0FE8                     FSR0L_SHAD      equ	4072	;# 
   690     0FE9                     FSR0H_SHAD      equ	4073	;# 
   691     0FEA                     FSR1L_SHAD      equ	4074	;# 
   692     0FEB                     FSR1H_SHAD      equ	4075	;# 
   693     0FED                     STKPTR          equ	4077	;# 
   694     0FEE                     TOSL            equ	4078	;# 
   695     0FEF                     TOSH            equ	4079	;# 
   696     0000                     INDF0           equ	0	;# 
   697     0001                     INDF1           equ	1	;# 
   698     0002                     PCL             equ	2	;# 
   699     0003                     STATUS          equ	3	;# 
   700     0004                     FSR0L           equ	4	;# 
   701     0005                     FSR0H           equ	5	;# 
   702     0006                     FSR1L           equ	6	;# 
   703     0007                     FSR1H           equ	7	;# 
   704     0008                     BSR             equ	8	;# 
   705     0009                     WREG            equ	9	;# 
   706     000A                     PCLATH          equ	10	;# 
   707     000B                     INTCON          equ	11	;# 
   708     000C                     PORTA           equ	12	;# 
   709     000D                     PORTB           equ	13	;# 
   710     0011                     PIR1            equ	17	;# 
   711     0012                     PIR2            equ	18	;# 
   712     0013                     PIR3            equ	19	;# 
   713     0014                     PIR4            equ	20	;# 
   714     0015                     TMR0            equ	21	;# 
   715     0016                     TMR1            equ	22	;# 
   716     0016                     TMR1L           equ	22	;# 
   717     0017                     TMR1H           equ	23	;# 
   718     0018                     T1CON           equ	24	;# 
   719     0019                     T1GCON          equ	25	;# 
   720     001A                     TMR2            equ	26	;# 
   721     001B                     PR2             equ	27	;# 
   722     001C                     T2CON           equ	28	;# 
   723     001E                     CPSCON0         equ	30	;# 
   724     001F                     CPSCON1         equ	31	;# 
   725     008C                     TRISA           equ	140	;# 
   726     008D                     TRISB           equ	141	;# 
   727     0091                     PIE1            equ	145	;# 
   728     0092                     PIE2            equ	146	;# 
   729     0093                     PIE3            equ	147	;# 
   730     0094                     PIE4            equ	148	;# 
   731     0095                     OPTION_REG      equ	149	;# 
   732     0096                     PCON            equ	150	;# 
   733     0097                     WDTCON          equ	151	;# 
   734     0098                     OSCTUNE         equ	152	;# 
   735     0099                     OSCCON          equ	153	;# 
   736     009A                     OSCSTAT         equ	154	;# 
   737     009B                     ADRES           equ	155	;# 
   738     009B                     ADRESL          equ	155	;# 
   739     009C                     ADRESH          equ	156	;# 
   740     009D                     ADCON0          equ	157	;# 
   741     009E                     ADCON1          equ	158	;# 
   742     010C                     LATA            equ	268	;# 
   743     010D                     LATB            equ	269	;# 
   744     0111                     CM1CON0         equ	273	;# 
   745     0112                     CM1CON1         equ	274	;# 
   746     0113                     CM2CON0         equ	275	;# 
   747     0114                     CM2CON1         equ	276	;# 
   748     0115                     CMOUT           equ	277	;# 
   749     0116                     BORCON          equ	278	;# 
   750     0117                     FVRCON          equ	279	;# 
   751     0118                     DACCON0         equ	280	;# 
   752     0119                     DACCON1         equ	281	;# 
   753     011A                     SRCON0          equ	282	;# 
   754     011B                     SRCON1          equ	283	;# 
   755     011D                     APFCON0         equ	285	;# 
   756     011E                     APFCON1         equ	286	;# 
   757     018C                     ANSELA          equ	396	;# 
   758     018D                     ANSELB          equ	397	;# 
   759     0191                     EEADR           equ	401	;# 
   760     0191                     EEADRL          equ	401	;# 
   761     0192                     EEADRH          equ	402	;# 
   762     0193                     EEDAT           equ	403	;# 
   763     0193                     EEDATL          equ	403	;# 
   764     0193                     EEDATA          equ	403	;# 
   765     0194                     EEDATH          equ	404	;# 
   766     0195                     EECON1          equ	405	;# 
   767     0196                     EECON2          equ	406	;# 
   768     0199                     RCREG           equ	409	;# 
   769     019A                     TXREG           equ	410	;# 
   770     019B                     SP1BRG          equ	411	;# 
   771     019B                     SP1BRGL         equ	411	;# 
   772     019B                     SPBRG           equ	411	;# 
   773     019B                     SPBRGL          equ	411	;# 
   774     019C                     SP1BRGH         equ	412	;# 
   775     019C                     SPBRGH          equ	412	;# 
   776     019D                     RCSTA           equ	413	;# 
   777     019E                     TXSTA           equ	414	;# 
   778     019F                     BAUDCON         equ	415	;# 
   779     020C                     WPUA            equ	524	;# 
   780     020D                     WPUB            equ	525	;# 
   781     0211                     SSP1BUF         equ	529	;# 
   782     0211                     SSPBUF          equ	529	;# 
   783     0212                     SSP1ADD         equ	530	;# 
   784     0212                     SSPADD          equ	530	;# 
   785     0213                     SSP1MSK         equ	531	;# 
   786     0213                     SSPMSK          equ	531	;# 
   787     0214                     SSP1STAT        equ	532	;# 
   788     0214                     SSPSTAT         equ	532	;# 
   789     0215                     SSP1CON1        equ	533	;# 
   790     0215                     SSPCON1         equ	533	;# 
   791     0215                     SSPCON          equ	533	;# 
   792     0216                     SSP1CON2        equ	534	;# 
   793     0216                     SSPCON2         equ	534	;# 
   794     0217                     SSP1CON3        equ	535	;# 
   795     0217                     SSPCON3         equ	535	;# 
   796     0219                     SSP2BUF         equ	537	;# 
   797     021A                     SSP2ADD         equ	538	;# 
   798     021B                     SSP2MSK         equ	539	;# 
   799     021C                     SSP2STAT        equ	540	;# 
   800     021D                     SSP2CON1        equ	541	;# 
   801     021E                     SSP2CON2        equ	542	;# 
   802     021F                     SSP2CON3        equ	543	;# 
   803     0291                     CCPR1           equ	657	;# 
   804     0291                     CCPR1L          equ	657	;# 
   805     0292                     CCPR1H          equ	658	;# 
   806     0293                     CCP1CON         equ	659	;# 
   807     0294                     PWM1CON         equ	660	;# 
   808     0295                     CCP1AS          equ	661	;# 
   809     0295                     ECCP1AS         equ	661	;# 
   810     0296                     PSTR1CON        equ	662	;# 
   811     0298                     CCPR2           equ	664	;# 
   812     0298                     CCPR2L          equ	664	;# 
   813     0299                     CCPR2H          equ	665	;# 
   814     029A                     CCP2CON         equ	666	;# 
   815     029B                     PWM2CON         equ	667	;# 
   816     029C                     CCP2AS          equ	668	;# 
   817     029C                     ECCP2AS         equ	668	;# 
   818     029D                     PSTR2CON        equ	669	;# 
   819     029E                     CCPTMRS         equ	670	;# 
   820     029E                     CCPTMRS0        equ	670	;# 
   821     0311                     CCPR3           equ	785	;# 
   822     0311                     CCPR3L          equ	785	;# 
   823     0312                     CCPR3H          equ	786	;# 
   824     0313                     CCP3CON         equ	787	;# 
   825     0318                     CCPR4           equ	792	;# 
   826     0318                     CCPR4L          equ	792	;# 
   827     0319                     CCPR4H          equ	793	;# 
   828     031A                     CCP4CON         equ	794	;# 
   829     0394                     IOCBP           equ	916	;# 
   830     0395                     IOCBN           equ	917	;# 
   831     0396                     IOCBF           equ	918	;# 
   832     039A                     CLKRCON         equ	922	;# 
   833     039C                     MDCON           equ	924	;# 
   834     039D                     MDSRC           equ	925	;# 
   835     039E                     MDCARL          equ	926	;# 
   836     039F                     MDCARH          equ	927	;# 
   837     0415                     TMR4            equ	1045	;# 
   838     0416                     PR4             equ	1046	;# 
   839     0417                     T4CON           equ	1047	;# 
   840     041C                     TMR6            equ	1052	;# 
   841     041D                     PR6             equ	1053	;# 
   842     041E                     T6CON           equ	1054	;# 
   843     0FE4                     STATUS_SHAD     equ	4068	;# 
   844     0FE5                     WREG_SHAD       equ	4069	;# 
   845     0FE6                     BSR_SHAD        equ	4070	;# 
   846     0FE7                     PCLATH_SHAD     equ	4071	;# 
   847     0FE8                     FSR0L_SHAD      equ	4072	;# 
   848     0FE9                     FSR0H_SHAD      equ	4073	;# 
   849     0FEA                     FSR1L_SHAD      equ	4074	;# 
   850     0FEB                     FSR1H_SHAD      equ	4075	;# 
   851     0FED                     STKPTR          equ	4077	;# 
   852     0FEE                     TOSL            equ	4078	;# 
   853     0FEF                     TOSH            equ	4079	;# 
   854     0000                     INDF0           equ	0	;# 
   855     0001                     INDF1           equ	1	;# 
   856     0002                     PCL             equ	2	;# 
   857     0003                     STATUS          equ	3	;# 
   858     0004                     FSR0L           equ	4	;# 
   859     0005                     FSR0H           equ	5	;# 
   860     0006                     FSR1L           equ	6	;# 
   861     0007                     FSR1H           equ	7	;# 
   862     0008                     BSR             equ	8	;# 
   863     0009                     WREG            equ	9	;# 
   864     000A                     PCLATH          equ	10	;# 
   865     000B                     INTCON          equ	11	;# 
   866     000C                     PORTA           equ	12	;# 
   867     000D                     PORTB           equ	13	;# 
   868     0011                     PIR1            equ	17	;# 
   869     0012                     PIR2            equ	18	;# 
   870     0013                     PIR3            equ	19	;# 
   871     0014                     PIR4            equ	20	;# 
   872     0015                     TMR0            equ	21	;# 
   873     0016                     TMR1            equ	22	;# 
   874     0016                     TMR1L           equ	22	;# 
   875     0017                     TMR1H           equ	23	;# 
   876     0018                     T1CON           equ	24	;# 
   877     0019                     T1GCON          equ	25	;# 
   878     001A                     TMR2            equ	26	;# 
   879     001B                     PR2             equ	27	;# 
   880     001C                     T2CON           equ	28	;# 
   881     001E                     CPSCON0         equ	30	;# 
   882     001F                     CPSCON1         equ	31	;# 
   883     008C                     TRISA           equ	140	;# 
   884     008D                     TRISB           equ	141	;# 
   885     0091                     PIE1            equ	145	;# 
   886     0092                     PIE2            equ	146	;# 
   887     0093                     PIE3            equ	147	;# 
   888     0094                     PIE4            equ	148	;# 
   889     0095                     OPTION_REG      equ	149	;# 
   890     0096                     PCON            equ	150	;# 
   891     0097                     WDTCON          equ	151	;# 
   892     0098                     OSCTUNE         equ	152	;# 
   893     0099                     OSCCON          equ	153	;# 
   894     009A                     OSCSTAT         equ	154	;# 
   895     009B                     ADRES           equ	155	;# 
   896     009B                     ADRESL          equ	155	;# 
   897     009C                     ADRESH          equ	156	;# 
   898     009D                     ADCON0          equ	157	;# 
   899     009E                     ADCON1          equ	158	;# 
   900     010C                     LATA            equ	268	;# 
   901     010D                     LATB            equ	269	;# 
   902     0111                     CM1CON0         equ	273	;# 
   903     0112                     CM1CON1         equ	274	;# 
   904     0113                     CM2CON0         equ	275	;# 
   905     0114                     CM2CON1         equ	276	;# 
   906     0115                     CMOUT           equ	277	;# 
   907     0116                     BORCON          equ	278	;# 
   908     0117                     FVRCON          equ	279	;# 
   909     0118                     DACCON0         equ	280	;# 
   910     0119                     DACCON1         equ	281	;# 
   911     011A                     SRCON0          equ	282	;# 
   912     011B                     SRCON1          equ	283	;# 
   913     011D                     APFCON0         equ	285	;# 
   914     011E                     APFCON1         equ	286	;# 
   915     018C                     ANSELA          equ	396	;# 
   916     018D                     ANSELB          equ	397	;# 
   917     0191                     EEADR           equ	401	;# 
   918     0191                     EEADRL          equ	401	;# 
   919     0192                     EEADRH          equ	402	;# 
   920     0193                     EEDAT           equ	403	;# 
   921     0193                     EEDATL          equ	403	;# 
   922     0193                     EEDATA          equ	403	;# 
   923     0194                     EEDATH          equ	404	;# 
   924     0195                     EECON1          equ	405	;# 
   925     0196                     EECON2          equ	406	;# 
   926     0199                     RCREG           equ	409	;# 
   927     019A                     TXREG           equ	410	;# 
   928     019B                     SP1BRG          equ	411	;# 
   929     019B                     SP1BRGL         equ	411	;# 
   930     019B                     SPBRG           equ	411	;# 
   931     019B                     SPBRGL          equ	411	;# 
   932     019C                     SP1BRGH         equ	412	;# 
   933     019C                     SPBRGH          equ	412	;# 
   934     019D                     RCSTA           equ	413	;# 
   935     019E                     TXSTA           equ	414	;# 
   936     019F                     BAUDCON         equ	415	;# 
   937     020C                     WPUA            equ	524	;# 
   938     020D                     WPUB            equ	525	;# 
   939     0211                     SSP1BUF         equ	529	;# 
   940     0211                     SSPBUF          equ	529	;# 
   941     0212                     SSP1ADD         equ	530	;# 
   942     0212                     SSPADD          equ	530	;# 
   943     0213                     SSP1MSK         equ	531	;# 
   944     0213                     SSPMSK          equ	531	;# 
   945     0214                     SSP1STAT        equ	532	;# 
   946     0214                     SSPSTAT         equ	532	;# 
   947     0215                     SSP1CON1        equ	533	;# 
   948     0215                     SSPCON1         equ	533	;# 
   949     0215                     SSPCON          equ	533	;# 
   950     0216                     SSP1CON2        equ	534	;# 
   951     0216                     SSPCON2         equ	534	;# 
   952     0217                     SSP1CON3        equ	535	;# 
   953     0217                     SSPCON3         equ	535	;# 
   954     0219                     SSP2BUF         equ	537	;# 
   955     021A                     SSP2ADD         equ	538	;# 
   956     021B                     SSP2MSK         equ	539	;# 
   957     021C                     SSP2STAT        equ	540	;# 
   958     021D                     SSP2CON1        equ	541	;# 
   959     021E                     SSP2CON2        equ	542	;# 
   960     021F                     SSP2CON3        equ	543	;# 
   961     0291                     CCPR1           equ	657	;# 
   962     0291                     CCPR1L          equ	657	;# 
   963     0292                     CCPR1H          equ	658	;# 
   964     0293                     CCP1CON         equ	659	;# 
   965     0294                     PWM1CON         equ	660	;# 
   966     0295                     CCP1AS          equ	661	;# 
   967     0295                     ECCP1AS         equ	661	;# 
   968     0296                     PSTR1CON        equ	662	;# 
   969     0298                     CCPR2           equ	664	;# 
   970     0298                     CCPR2L          equ	664	;# 
   971     0299                     CCPR2H          equ	665	;# 
   972     029A                     CCP2CON         equ	666	;# 
   973     029B                     PWM2CON         equ	667	;# 
   974     029C                     CCP2AS          equ	668	;# 
   975     029C                     ECCP2AS         equ	668	;# 
   976     029D                     PSTR2CON        equ	669	;# 
   977     029E                     CCPTMRS         equ	670	;# 
   978     029E                     CCPTMRS0        equ	670	;# 
   979     0311                     CCPR3           equ	785	;# 
   980     0311                     CCPR3L          equ	785	;# 
   981     0312                     CCPR3H          equ	786	;# 
   982     0313                     CCP3CON         equ	787	;# 
   983     0318                     CCPR4           equ	792	;# 
   984     0318                     CCPR4L          equ	792	;# 
   985     0319                     CCPR4H          equ	793	;# 
   986     031A                     CCP4CON         equ	794	;# 
   987     0394                     IOCBP           equ	916	;# 
   988     0395                     IOCBN           equ	917	;# 
   989     0396                     IOCBF           equ	918	;# 
   990     039A                     CLKRCON         equ	922	;# 
   991     039C                     MDCON           equ	924	;# 
   992     039D                     MDSRC           equ	925	;# 
   993     039E                     MDCARL          equ	926	;# 
   994     039F                     MDCARH          equ	927	;# 
   995     0415                     TMR4            equ	1045	;# 
   996     0416                     PR4             equ	1046	;# 
   997     0417                     T4CON           equ	1047	;# 
   998     041C                     TMR6            equ	1052	;# 
   999     041D                     PR6             equ	1053	;# 
  1000     041E                     T6CON           equ	1054	;# 
  1001     0FE4                     STATUS_SHAD     equ	4068	;# 
  1002     0FE5                     WREG_SHAD       equ	4069	;# 
  1003     0FE6                     BSR_SHAD        equ	4070	;# 
  1004     0FE7                     PCLATH_SHAD     equ	4071	;# 
  1005     0FE8                     FSR0L_SHAD      equ	4072	;# 
  1006     0FE9                     FSR0H_SHAD      equ	4073	;# 
  1007     0FEA                     FSR1L_SHAD      equ	4074	;# 
  1008     0FEB                     FSR1H_SHAD      equ	4075	;# 
  1009     0FED                     STKPTR          equ	4077	;# 
  1010     0FEE                     TOSL            equ	4078	;# 
  1011     0FEF                     TOSH            equ	4079	;# 
  1012     0097                     _WDTCON         set	151
  1013     0098                     _OSCTUNE        set	152
  1014     0099                     _OSCCON         set	153
  1015     0095                     _OPTION_REGbits set	149
  1016     008D                     _TRISB          set	141
  1017     008C                     _TRISA          set	140
  1018     0117                     _FVRCONbits     set	279
  1019     0117                     _FVRCON         set	279
  1020     0116                     _BORCON         set	278
  1021     011E                     _APFCON1        set	286
  1022     011D                     _APFCON0        set	285
  1023     010D                     _LATB           set	269
  1024     010C                     _LATA           set	268
  1025     0115                     _CMOUTbits      set	277
  1026     0112                     _CM1CON1        set	274
  1027     0111                     _CM1CON0        set	273
  1028     018C                     _ANSELA         set	396
  1029     018D                     _ANSELB         set	397
  1030     020C                     _WPUA           set	524
  1031     020D                     _WPUB           set	525
  1032                           
  1033                           	psect	cinit
  1034     07FD                     start_initialization:	
  1035                           ; #config settings
  1036                           
  1037     07FD                     __initialization:
  1038     07FD                     end_of_initialization:	
  1039                           ;End of C runtime variable initialization code
  1040                           
  1041     07FD                     __end_of__initialization:
  1042     07FD  0020               	movlb	0
  1043     07FE  3187  2FCA         	ljmp	_main	;jump to C main() function
  1044                           
  1045                           	psect	cstackCOMMON
  1046     0000                     __pcstackCOMMON:
  1047     0000                     ?_OSCILLATOR_Initialize:
  1048     0000                     ?_WDT_Initialize:	
  1049                           ; 1 bytes @ 0x0
  1050                           
  1051     0000                     ?_FVR_Initialize:	
  1052                           ; 1 bytes @ 0x0
  1053                           
  1054     0000                     ?_CMP1_Initialize:	
  1055                           ; 1 bytes @ 0x0
  1056                           
  1057     0000                     ?_PIN_MANAGER_Initialize:	
  1058                           ; 1 bytes @ 0x0
  1059                           
  1060     0000                     ?_SYSTEM_Initialize:	
  1061                           ; 1 bytes @ 0x0
  1062                           
  1063     0000                     ?_main:	
  1064                           ; 1 bytes @ 0x0
  1065                           
  1066     0000                     ??_OSCILLATOR_Initialize:	
  1067                           ; 1 bytes @ 0x0
  1068                           
  1069     0000                     ??_WDT_Initialize:	
  1070                           ; 1 bytes @ 0x0
  1071                           
  1072     0000                     ??_FVR_Initialize:	
  1073                           ; 1 bytes @ 0x0
  1074                           
  1075     0000                     ??_CMP1_Initialize:	
  1076                           ; 1 bytes @ 0x0
  1077                           
  1078     0000                     ??_PIN_MANAGER_Initialize:	
  1079                           ; 1 bytes @ 0x0
  1080                           
  1081     0000                     ??_SYSTEM_Initialize:	
  1082                           ; 1 bytes @ 0x0
  1083                           
  1084     0000                     ??_main:	
  1085                           ; 1 bytes @ 0x0
  1086                           
  1087                           
  1088                           	psect	maintext
  1089     07CA                     __pmaintext:	
  1090                           ; 1 bytes @ 0x0
  1091 ;;
  1092 ;;Main: autosize = 0, tempsize = 0, incstack = 0, save=0
  1093 ;;
  1094 ;; *************** function _main *****************
  1095 ;; Defined at:
  1096 ;;		line 11 in file "main.c"
  1097 ;; Parameters:    Size  Location     Type
  1098 ;;		None
  1099 ;; Auto vars:     Size  Location     Type
  1100 ;;		None
  1101 ;; Return value:  Size  Location     Type
  1102 ;;                  1    wreg      void 
  1103 ;; Registers used:
  1104 ;;		status,2, status,0, pclath, cstack
  1105 ;; Tracked objects:
  1106 ;;		On entry : B1F/0
  1107 ;;		On exit  : 0/0
  1108 ;;		Unchanged: 0/0
  1109 ;; Data sizes:     COMMON   BANK0   BANK1   BANK2   BANK3   BANK4
  1110 ;;      Params:         0       0       0       0       0       0
  1111 ;;      Locals:         0       0       0       0       0       0
  1112 ;;      Temps:          0       0       0       0       0       0
  1113 ;;      Totals:         0       0       0       0       0       0
  1114 ;;Total ram usage:        0 bytes
  1115 ;; Hardware stack levels required when called: 2
  1116 ;; This function calls:
  1117 ;;		_SYSTEM_Initialize
  1118 ;; This function is called by:
  1119 ;;		Startup code after reset
  1120 ;; This function uses a non-reentrant model
  1121 ;;
  1122                           
  1123     07CA                     _main:	
  1124                           ;psect for function _main
  1125                           
  1126     07CA                     l727:	
  1127                           ;incstack = 0
  1128                           ; Regs used in _main: [status,2+status,0+pclath+cstack]
  1129                           
  1130                           
  1131                           ;main.c: 14:     SYSTEM_Initialize();
  1132     07CA  3187  27D7  3187   	fcall	_SYSTEM_Initialize
  1133     07CD                     l84:	
  1134                           ;main.c: 31:     while (1)
  1135                           
  1136     07CD                     l85:	
  1137                           ;main.c: 32:     {;main.c: 34:     }
  1138                           
  1139     07CD  2FCD               	goto	l84
  1140     07CE  3180  2802         	ljmp	start
  1141     07D0                     __end_of_main:
  1142                           
  1143                           	psect	text1
  1144     07D7                     __ptext1:	
  1145 ;; *************** function _SYSTEM_Initialize *****************
  1146 ;; Defined at:
  1147 ;;		line 50 in file "mcc_generated_files/mcc.c"
  1148 ;; Parameters:    Size  Location     Type
  1149 ;;		None
  1150 ;; Auto vars:     Size  Location     Type
  1151 ;;		None
  1152 ;; Return value:  Size  Location     Type
  1153 ;;                  1    wreg      void 
  1154 ;; Registers used:
  1155 ;;		status,2, status,0, pclath, cstack
  1156 ;; Tracked objects:
  1157 ;;		On entry : 0/0
  1158 ;;		On exit  : 0/0
  1159 ;;		Unchanged: 0/0
  1160 ;; Data sizes:     COMMON   BANK0   BANK1   BANK2   BANK3   BANK4
  1161 ;;      Params:         0       0       0       0       0       0
  1162 ;;      Locals:         0       0       0       0       0       0
  1163 ;;      Temps:          0       0       0       0       0       0
  1164 ;;      Totals:         0       0       0       0       0       0
  1165 ;;Total ram usage:        0 bytes
  1166 ;; Hardware stack levels used: 1
  1167 ;; Hardware stack levels required when called: 1
  1168 ;; This function calls:
  1169 ;;		_CMP1_Initialize
  1170 ;;		_FVR_Initialize
  1171 ;;		_OSCILLATOR_Initialize
  1172 ;;		_PIN_MANAGER_Initialize
  1173 ;;		_WDT_Initialize
  1174 ;; This function is called by:
  1175 ;;		_main
  1176 ;; This function uses a non-reentrant model
  1177 ;;
  1178                           
  1179     07D7                     _SYSTEM_Initialize:	
  1180                           ;psect for function _SYSTEM_Initialize
  1181                           
  1182     07D7                     l717:	
  1183                           ;incstack = 0
  1184                           ; Regs used in _SYSTEM_Initialize: [status,2+status,0+pclath+cstack]
  1185                           
  1186                           
  1187                           ;mcc_generated_files/mcc.c: 53:     PIN_MANAGER_Initialize();
  1188     07D7  3187  27E7  3187   	fcall	_PIN_MANAGER_Initialize
  1189                           
  1190                           ;mcc_generated_files/mcc.c: 54:     OSCILLATOR_Initialize();
  1191     07DA  3187  27D0  3187   	fcall	_OSCILLATOR_Initialize
  1192                           
  1193                           ;mcc_generated_files/mcc.c: 55:     WDT_Initialize();
  1194     07DD  3187  27C0  3187   	fcall	_WDT_Initialize
  1195                           
  1196                           ;mcc_generated_files/mcc.c: 56:     FVR_Initialize();
  1197     07E0  3187  27BC  3187   	fcall	_FVR_Initialize
  1198                           
  1199                           ;mcc_generated_files/mcc.c: 57:     CMP1_Initialize();
  1200     07E3  3187  27C4  3187   	fcall	_CMP1_Initialize
  1201     07E6                     l61:
  1202     07E6  0008               	return
  1203     07E7                     __end_of_SYSTEM_Initialize:
  1204                           
  1205                           	psect	text2
  1206     07C0                     __ptext2:	
  1207 ;; *************** function _WDT_Initialize *****************
  1208 ;; Defined at:
  1209 ;;		line 70 in file "mcc_generated_files/mcc.c"
  1210 ;; Parameters:    Size  Location     Type
  1211 ;;		None
  1212 ;; Auto vars:     Size  Location     Type
  1213 ;;		None
  1214 ;; Return value:  Size  Location     Type
  1215 ;;                  1    wreg      void 
  1216 ;; Registers used:
  1217 ;;		None
  1218 ;; Tracked objects:
  1219 ;;		On entry : 0/0
  1220 ;;		On exit  : 0/0
  1221 ;;		Unchanged: 0/0
  1222 ;; Data sizes:     COMMON   BANK0   BANK1   BANK2   BANK3   BANK4
  1223 ;;      Params:         0       0       0       0       0       0
  1224 ;;      Locals:         0       0       0       0       0       0
  1225 ;;      Temps:          0       0       0       0       0       0
  1226 ;;      Totals:         0       0       0       0       0       0
  1227 ;;Total ram usage:        0 bytes
  1228 ;; Hardware stack levels used: 1
  1229 ;; This function calls:
  1230 ;;		Nothing
  1231 ;; This function is called by:
  1232 ;;		_SYSTEM_Initialize
  1233 ;; This function uses a non-reentrant model
  1234 ;;
  1235                           
  1236     07C0                     _WDT_Initialize:	
  1237                           ;psect for function _WDT_Initialize
  1238                           
  1239     07C0                     l713:	
  1240                           ;incstack = 0
  1241                           ; Regs used in _WDT_Initialize: []
  1242                           
  1243                           
  1244                           ;mcc_generated_files/mcc.c: 73:     WDTCON = 0x16;
  1245     07C0  3016               	movlw	22
  1246     07C1  0021               	movlb	1	; select bank1
  1247     07C2  0097               	movwf	23	;volatile
  1248     07C3                     l67:
  1249     07C3  0008               	return
  1250     07C4                     __end_of_WDT_Initialize:
  1251                           
  1252                           	psect	text3
  1253     07E7                     __ptext3:	
  1254 ;; *************** function _PIN_MANAGER_Initialize *****************
  1255 ;; Defined at:
  1256 ;;		line 55 in file "mcc_generated_files/pin_manager.c"
  1257 ;; Parameters:    Size  Location     Type
  1258 ;;		None
  1259 ;; Auto vars:     Size  Location     Type
  1260 ;;		None
  1261 ;; Return value:  Size  Location     Type
  1262 ;;                  1    wreg      void 
  1263 ;; Registers used:
  1264 ;;		status,2
  1265 ;; Tracked objects:
  1266 ;;		On entry : 0/0
  1267 ;;		On exit  : 0/0
  1268 ;;		Unchanged: 0/0
  1269 ;; Data sizes:     COMMON   BANK0   BANK1   BANK2   BANK3   BANK4
  1270 ;;      Params:         0       0       0       0       0       0
  1271 ;;      Locals:         0       0       0       0       0       0
  1272 ;;      Temps:          0       0       0       0       0       0
  1273 ;;      Totals:         0       0       0       0       0       0
  1274 ;;Total ram usage:        0 bytes
  1275 ;; Hardware stack levels used: 1
  1276 ;; This function calls:
  1277 ;;		Nothing
  1278 ;; This function is called by:
  1279 ;;		_SYSTEM_Initialize
  1280 ;; This function uses a non-reentrant model
  1281 ;;
  1282                           
  1283     07E7                     _PIN_MANAGER_Initialize:	
  1284                           ;psect for function _PIN_MANAGER_Initialize
  1285                           
  1286     07E7                     l697:	
  1287                           ;incstack = 0
  1288                           ; Regs used in _PIN_MANAGER_Initialize: [status,2]
  1289                           
  1290                           
  1291                           ;mcc_generated_files/pin_manager.c: 60:     LATA = 0x00;
  1292     07E7  0022               	movlb	2	; select bank2
  1293     07E8  018C               	clrf	12	;volatile
  1294                           
  1295                           ;mcc_generated_files/pin_manager.c: 61:     LATB = 0x00;
  1296     07E9  018D               	clrf	13	;volatile
  1297     07EA                     l699:
  1298                           
  1299                           ;mcc_generated_files/pin_manager.c: 66:     TRISA = 0xF7;
  1300     07EA  30F7               	movlw	247
  1301     07EB  0021               	movlb	1	; select bank1
  1302     07EC  008C               	movwf	12	;volatile
  1303     07ED                     l701:
  1304                           
  1305                           ;mcc_generated_files/pin_manager.c: 67:     TRISB = 0xFF;
  1306     07ED  30FF               	movlw	255
  1307     07EE  008D               	movwf	13	;volatile
  1308     07EF                     l703:
  1309                           
  1310                           ;mcc_generated_files/pin_manager.c: 72:     ANSELB = 0xFE;
  1311     07EF  30FE               	movlw	254
  1312     07F0  0023               	movlb	3	; select bank3
  1313     07F1  008D               	movwf	13	;volatile
  1314     07F2                     l705:
  1315                           
  1316                           ;mcc_generated_files/pin_manager.c: 73:     ANSELA = 0x1F;
  1317     07F2  301F               	movlw	31
  1318     07F3  008C               	movwf	12	;volatile
  1319                           
  1320                           ;mcc_generated_files/pin_manager.c: 78:     WPUB = 0x00;
  1321     07F4  0024               	movlb	4	; select bank4
  1322     07F5  018D               	clrf	13	;volatile
  1323                           
  1324                           ;mcc_generated_files/pin_manager.c: 79:     WPUA = 0x00;
  1325     07F6  018C               	clrf	12	;volatile
  1326     07F7                     l707:
  1327                           
  1328                           ;mcc_generated_files/pin_manager.c: 80:     OPTION_REGbits.nWPUEN = 1;
  1329     07F7  0021               	movlb	1	; select bank1
  1330     07F8  1795               	bsf	21,7	;volatile
  1331                           
  1332                           ;mcc_generated_files/pin_manager.c: 86:     APFCON0 = 0x00;
  1333     07F9  0022               	movlb	2	; select bank2
  1334     07FA  019D               	clrf	29	;volatile
  1335                           
  1336                           ;mcc_generated_files/pin_manager.c: 87:     APFCON1 = 0x00;
  1337     07FB  019E               	clrf	30	;volatile
  1338     07FC                     l37:
  1339     07FC  0008               	return
  1340     07FD                     __end_of_PIN_MANAGER_Initialize:
  1341                           
  1342                           	psect	text4
  1343     07D0                     __ptext4:	
  1344 ;; *************** function _OSCILLATOR_Initialize *****************
  1345 ;; Defined at:
  1346 ;;		line 60 in file "mcc_generated_files/mcc.c"
  1347 ;; Parameters:    Size  Location     Type
  1348 ;;		None
  1349 ;; Auto vars:     Size  Location     Type
  1350 ;;		None
  1351 ;; Return value:  Size  Location     Type
  1352 ;;                  1    wreg      void 
  1353 ;; Registers used:
  1354 ;;		status,2
  1355 ;; Tracked objects:
  1356 ;;		On entry : 0/0
  1357 ;;		On exit  : 0/0
  1358 ;;		Unchanged: 0/0
  1359 ;; Data sizes:     COMMON   BANK0   BANK1   BANK2   BANK3   BANK4
  1360 ;;      Params:         0       0       0       0       0       0
  1361 ;;      Locals:         0       0       0       0       0       0
  1362 ;;      Temps:          0       0       0       0       0       0
  1363 ;;      Totals:         0       0       0       0       0       0
  1364 ;;Total ram usage:        0 bytes
  1365 ;; Hardware stack levels used: 1
  1366 ;; This function calls:
  1367 ;;		Nothing
  1368 ;; This function is called by:
  1369 ;;		_SYSTEM_Initialize
  1370 ;; This function uses a non-reentrant model
  1371 ;;
  1372                           
  1373     07D0                     _OSCILLATOR_Initialize:	
  1374                           ;psect for function _OSCILLATOR_Initialize
  1375                           
  1376     07D0                     l709:	
  1377                           ;incstack = 0
  1378                           ; Regs used in _OSCILLATOR_Initialize: [status,2]
  1379                           
  1380                           
  1381                           ;mcc_generated_files/mcc.c: 63:     OSCCON = 0x38;
  1382     07D0  3038               	movlw	56
  1383     07D1  0021               	movlb	1	; select bank1
  1384     07D2  0099               	movwf	25	;volatile
  1385     07D3                     l711:
  1386                           
  1387                           ;mcc_generated_files/mcc.c: 65:     OSCTUNE = 0x00;
  1388     07D3  0198               	clrf	24	;volatile
  1389                           
  1390                           ;mcc_generated_files/mcc.c: 67:     BORCON = 0x00;
  1391     07D4  0022               	movlb	2	; select bank2
  1392     07D5  0196               	clrf	22	;volatile
  1393     07D6                     l64:
  1394     07D6  0008               	return
  1395     07D7                     __end_of_OSCILLATOR_Initialize:
  1396                           
  1397                           	psect	text5
  1398     07BC                     __ptext5:	
  1399 ;; *************** function _FVR_Initialize *****************
  1400 ;; Defined at:
  1401 ;;		line 58 in file "mcc_generated_files/fvr.c"
  1402 ;; Parameters:    Size  Location     Type
  1403 ;;		None
  1404 ;; Auto vars:     Size  Location     Type
  1405 ;;		None
  1406 ;; Return value:  Size  Location     Type
  1407 ;;                  1    wreg      void 
  1408 ;; Registers used:
  1409 ;;		None
  1410 ;; Tracked objects:
  1411 ;;		On entry : 0/0
  1412 ;;		On exit  : 0/0
  1413 ;;		Unchanged: 0/0
  1414 ;; Data sizes:     COMMON   BANK0   BANK1   BANK2   BANK3   BANK4
  1415 ;;      Params:         0       0       0       0       0       0
  1416 ;;      Locals:         0       0       0       0       0       0
  1417 ;;      Temps:          0       0       0       0       0       0
  1418 ;;      Totals:         0       0       0       0       0       0
  1419 ;;Total ram usage:        0 bytes
  1420 ;; Hardware stack levels used: 1
  1421 ;; This function calls:
  1422 ;;		Nothing
  1423 ;; This function is called by:
  1424 ;;		_SYSTEM_Initialize
  1425 ;; This function uses a non-reentrant model
  1426 ;;
  1427                           
  1428     07BC                     _FVR_Initialize:	
  1429                           ;psect for function _FVR_Initialize
  1430                           
  1431     07BC                     l715:	
  1432                           ;incstack = 0
  1433                           ; Regs used in _FVR_Initialize: []
  1434                           
  1435                           
  1436                           ;mcc_generated_files/fvr.c: 61:     FVRCON = 0x88;
  1437     07BC  3088               	movlw	136
  1438     07BD  0022               	movlb	2	; select bank2
  1439     07BE  0097               	movwf	23	;volatile
  1440     07BF                     l74:
  1441     07BF  0008               	return
  1442     07C0                     __end_of_FVR_Initialize:
  1443                           
  1444                           	psect	text6
  1445     07C4                     __ptext6:	
  1446 ;; *************** function _CMP1_Initialize *****************
  1447 ;; Defined at:
  1448 ;;		line 58 in file "mcc_generated_files/cmp1.c"
  1449 ;; Parameters:    Size  Location     Type
  1450 ;;		None
  1451 ;; Auto vars:     Size  Location     Type
  1452 ;;		None
  1453 ;; Return value:  Size  Location     Type
  1454 ;;                  1    wreg      void 
  1455 ;; Registers used:
  1456 ;;		None
  1457 ;; Tracked objects:
  1458 ;;		On entry : 0/0
  1459 ;;		On exit  : 0/0
  1460 ;;		Unchanged: 0/0
  1461 ;; Data sizes:     COMMON   BANK0   BANK1   BANK2   BANK3   BANK4
  1462 ;;      Params:         0       0       0       0       0       0
  1463 ;;      Locals:         0       0       0       0       0       0
  1464 ;;      Temps:          0       0       0       0       0       0
  1465 ;;      Totals:         0       0       0       0       0       0
  1466 ;;Total ram usage:        0 bytes
  1467 ;; Hardware stack levels used: 1
  1468 ;; This function calls:
  1469 ;;		Nothing
  1470 ;; This function is called by:
  1471 ;;		_SYSTEM_Initialize
  1472 ;; This function uses a non-reentrant model
  1473 ;;
  1474                           
  1475     07C4                     _CMP1_Initialize:	
  1476                           ;psect for function _CMP1_Initialize
  1477                           
  1478     07C4                     l695:	
  1479                           ;incstack = 0
  1480                           ; Regs used in _CMP1_Initialize: []
  1481                           
  1482                           
  1483                           ;mcc_generated_files/cmp1.c: 62:     CM1CON0 = 0xA4;
  1484     07C4  30A4               	movlw	164
  1485     07C5  0022               	movlb	2	; select bank2
  1486     07C6  0091               	movwf	17	;volatile
  1487                           
  1488                           ;mcc_generated_files/cmp1.c: 65:     CM1CON1 = 0x21;
  1489     07C7  3021               	movlw	33
  1490     07C8  0092               	movwf	18	;volatile
  1491     07C9                     l9:
  1492     07C9  0008               	return
  1493     07CA                     __end_of_CMP1_Initialize:
  1494     0001                     ___latbits      equ	1
  1495     007E                     btemp           set	126	;btemp
  1496     007E                     wtemp0          set	126
  1497                           
  1498                           	psect	config
  1499                           
  1500                           ;Config register CONFIG1 @ 0x8007
  1501                           ;	Oscillator Selection
  1502                           ;	FOSC = INTOSC, INTOSC oscillator: I/O function on CLKIN pin
  1503                           ;	Watchdog Timer Enable
  1504                           ;	WDTE = OFF, WDT disabled
  1505                           ;	Power-up Timer Enable
  1506                           ;	PWRTE = OFF, PWRT disabled
  1507                           ;	MCLR Pin Function Select
  1508                           ;	MCLRE = ON, MCLR/VPP pin function is MCLR
  1509                           ;	Flash Program Memory Code Protection
  1510                           ;	CP = OFF, Program memory code protection is disabled
  1511                           ;	Data Memory Code Protection
  1512                           ;	CPD = OFF, Data memory code protection is disabled
  1513                           ;	Brown-out Reset Enable
  1514                           ;	BOREN = ON, Brown-out Reset enabled
  1515                           ;	Clock Out Enable
  1516                           ;	CLKOUTEN = OFF, CLKOUT function is disabled. I/O or oscillator function on the CLKOUT 
      +                          pin
  1517                           ;	Internal/External Switchover
  1518                           ;	IESO = ON, Internal/External Switchover mode is enabled
  1519                           ;	Fail-Safe Clock Monitor Enable
  1520                           ;	FCMEN = ON, Fail-Safe Clock Monitor is enabled
  1521     8007                     	org	32775
  1522     8007  3FE4               	dw	16356
  1523                           
  1524                           ;Config register CONFIG2 @ 0x8008
  1525                           ;	Flash Memory Self-Write Protection
  1526                           ;	WRT = OFF, Write protection off
  1527                           ;	PLL Enable
  1528                           ;	PLLEN = OFF, 4x PLL disabled
  1529                           ;	Stack Overflow/Underflow Reset Enable
  1530                           ;	STVREN = ON, Stack Overflow or Underflow will cause a Reset
  1531                           ;	Brown-out Reset Voltage Selection
  1532                           ;	BORV = LO, Brown-out Reset Voltage (Vbor), low trip point selected.
  1533                           ;	In-Circuit Debugger Mode
  1534                           ;	DEBUG = 0x1, unprogrammed default
  1535                           ;	Low-Voltage Programming Enable
  1536                           ;	LVP = ON, Low-voltage programming enabled
  1537     8008                     	org	32776
  1538     8008  3EFF               	dw	16127

Data Sizes:
    Strings     0
    Constant    0
    Data        0
    BSS         0
    Persistent  32
    Stack       0

Auto Spaces:
    Space          Size  Autos    Used
    COMMON           14      0       0
    BANK0            80      0       0
    BANK1            80      0       0
    BANK2            80      0       0
    BANK3            80      0       0
    BANK4            48      0       0

Pointer List with Targets:

    None.

Critical Paths under _main in COMMON

    None.

Critical Paths under _main in BANK0

    None.

Critical Paths under _main in BANK1

    None.

Critical Paths under _main in BANK2

    None.

Critical Paths under _main in BANK3

    None.

Critical Paths under _main in BANK4

    None.

Call Graph Tables:

 ---------------------------------------------------------------------------------
 (Depth) Function   	        Calls       Base Space   Used Autos Params    Refs
 ---------------------------------------------------------------------------------
 (0) _main                                                 0     0      0       0
                  _SYSTEM_Initialize
 ---------------------------------------------------------------------------------
 (1) _SYSTEM_Initialize                                    0     0      0       0
                    _CMP1_Initialize
                     _FVR_Initialize
              _OSCILLATOR_Initialize
             _PIN_MANAGER_Initialize
                     _WDT_Initialize
 ---------------------------------------------------------------------------------
 (2) _WDT_Initialize                                       0     0      0       0
 ---------------------------------------------------------------------------------
 (2) _PIN_MANAGER_Initialize                               0     0      0       0
 ---------------------------------------------------------------------------------
 (2) _OSCILLATOR_Initialize                                0     0      0       0
 ---------------------------------------------------------------------------------
 (2) _FVR_Initialize                                       0     0      0       0
 ---------------------------------------------------------------------------------
 (2) _CMP1_Initialize                                      0     0      0       0
 ---------------------------------------------------------------------------------
 Estimated maximum stack depth 2
 ---------------------------------------------------------------------------------

 Call Graph Graphs:

 _main (ROOT)
   _SYSTEM_Initialize
     _CMP1_Initialize
     _FVR_Initialize
     _OSCILLATOR_Initialize
     _PIN_MANAGER_Initialize
     _WDT_Initialize

Address spaces:
Name               Size   Autos  Total    Usage
BITCOMMON           14      0       0      0.0%
BITBANK0            80      0       0      0.0%
BITBANK1            80      0       0      0.0%
BITBANK2            80      0       0      0.0%
BITBANK3            80      0       0      0.0%
BITBANK4            48      0       0      0.0%
BIGRAM             368      0       0      0.0%
COMMON              14      0       0      0.0%
BANK0               80      0       0      0.0%
BANK1               80      0       0      0.0%
BANK2               80      0       0      0.0%
BANK3               80      0       0      0.0%
BANK4               48      0       0      0.0%
STACK                0      0       0      0.0%
DATA                 0      0       0      0.0%


Microchip Technology PIC Macro Assembler V2.50 build 20240725155939 
Symbol Table                                                                                   Wed Dec 11 17:20:04 2024

                             l9 07C9                              l37 07FC                              l61 07E6  
                            l64 07D6                              l74 07BF               ??_CMP1_Initialize 0000  
                            l67 07C3                              l84 07CD                              l85 07CD  
        __end_of_FVR_Initialize 07C0                             l701 07ED                             l711 07D3  
                           l703 07EF                             l705 07F2                             l713 07C0  
                           l715 07BC                             l707 07F7                             l709 07D0  
                           l717 07D7                             l727 07CA                             l695 07C4  
                           l697 07E7                             l699 07EA                            _LATA 010C  
                          _LATB 010D                            _WPUA 020C                            _WPUB 020D  
                          _main 07CA                            btemp 007E                            start 0002  
               ?_FVR_Initialize 0000   __end_of_OSCILLATOR_Initialize 07D7                           ?_main 0000  
                         _TRISA 008C                           _TRISB 008D                  _WDT_Initialize 07C0  
                         wtemp0 007E                 __initialization 07FD                    __end_of_main 07D0  
                        ??_main 0000          __end_of_WDT_Initialize 07C4                          _ANSELA 018C  
                        _ANSELB 018D                          _BORCON 0116                          _FVRCON 0117  
                        _OSCCON 0099                          _WDTCON 0097                 ?_WDT_Initialize 0000  
             _SYSTEM_Initialize 07D7         __end_of__initialization 07FD                 _CMP1_Initialize 07C4  
            ?_SYSTEM_Initialize 0000                  __pcstackCOMMON 0000             ??_SYSTEM_Initialize 0000  
                _OPTION_REGbits 0095       __end_of_SYSTEM_Initialize 07E7                ??_FVR_Initialize 0000  
                    __pmaintext 07CA                         _CM1CON0 0111                         _CM1CON1 0112  
                       _APFCON0 011D                         _APFCON1 011E                         _OSCTUNE 0098  
       __end_of_CMP1_Initialize 07CA                         __ptext1 07D7                         __ptext2 07C0  
                       __ptext3 07E7                         __ptext4 07D0                         __ptext5 07BC  
                       __ptext6 07C4           _OSCILLATOR_Initialize 07D0                       _CMOUTbits 0115  
      ??_PIN_MANAGER_Initialize 0000            end_of_initialization 07FD                ??_WDT_Initialize 0000  
              ?_CMP1_Initialize 0000          ?_OSCILLATOR_Initialize 0000             start_initialization 07FD  
                     ___latbits 0001          _PIN_MANAGER_Initialize 07E7         ??_OSCILLATOR_Initialize 0000  
                    _FVRCONbits 0117         ?_PIN_MANAGER_Initialize 0000                  _FVR_Initialize 07BC  
__end_of_PIN_MANAGER_Initialize 07FD  
